# JRE version: Java(TM) SE Runtime Environment (8.0_251-b08) (build 1.8.0_251-b08)
# Java VM: Java HotSpot(TM) 64-Bit Server VM (25.251-b08 mixed mode windows-amd64 compressed oops)
Heap:
 PSYoungGen      total 33280K, used 2112K [0x00000000db000000, 0x00000000dd500000, 0x0000000100000000)
  eden space 28672K, 0% used [0x00000000db000000,0x00000000db000000,0x00000000dcc00000)
  from space 4608K, 45% used [0x00000000dd080000,0x00000000dd290250,0x00000000dd500000)
  to   space 4608K, 0% used [0x00000000dcc00000,0x00000000dcc00000,0x00000000dd080000)
 ParOldGen       total 49664K, used 2383K [0x0000000091000000, 0x0000000094080000, 0x00000000db000000)
  object space 49664K, 4% used [0x0000000091000000,0x0000000091253f78,0x0000000094080000)
 Metaspace       used 13102K, capacity 13826K, committed 13952K, reserved 1069056K
  class space    used 1632K, capacity 1811K, committed 1920K, reserved 1048576K
GC Heap History (10 events):
Event: 1.218 GC heap after
Heap after GC invocations=1 (full 0):
 PSYoungGen      total 33280K, used 3441K [0x00000000db000000, 0x00000000dd500000, 0x0000000100000000)
  eden space 28672K, 0% used [0x00000000db000000,0x00000000db000000,0x00000000dcc00000)
  from space 4608K, 74% used [0x00000000dcc00000,0x00000000dcf5c410,0x00000000dd080000)
  to   space 4608K, 0% used [0x00000000dd080000,0x00000000dd080000,0x00000000dd500000)
 ParOldGen       total 76800K, used 16K [0x0000000091000000, 0x0000000095b00000, 0x00000000db000000)
  object space 76800K, 0% used [0x0000000091000000,0x0000000091004000,0x0000000095b00000)
 Metaspace       used 8973K, capacity 9332K, committed 9472K, reserved 1056768K
  class space    used 1082K, capacity 1178K, committed 1280K, reserved 1048576K
}
Event: 1.606 GC heap before
{Heap before GC invocations=2 (full 0):
 PSYoungGen      total 33280K, used 9968K [0x00000000db000000, 0x00000000dd500000, 0x0000000100000000)
  eden space 28672K, 22% used [0x00000000db000000,0x00000000db65fd60,0x00000000dcc00000)
  from space 4608K, 74% used [0x00000000dcc00000,0x00000000dcf5c410,0x00000000dd080000)
  to   space 4608K, 0% used [0x00000000dd080000,0x00000000dd080000,0x00000000dd500000)
 ParOldGen       total 76800K, used 16K [0x0000000091000000, 0x0000000095b00000, 0x00000000db000000)
  object space 76800K, 0% used [0x0000000091000000,0x0000000091004000,0x0000000095b00000)
 Metaspace       used 9596K, capacity 9922K, committed 9984K, reserved 1064960K
  class space    used 1151K, capacity 1263K, committed 1280K, reserved 1048576K
Event: 1.609 GC heap after
Heap after GC invocations=2 (full 0):
 PSYoungGen      total 33280K, used 2550K [0x00000000db000000, 0x00000000dd500000, 0x0000000100000000)
  eden space 28672K, 0% used [0x00000000db000000,0x00000000db000000,0x00000000dcc00000)
  from space 4608K, 55% used [0x00000000dd080000,0x00000000dd2fda40,0x00000000dd500000)
  to   space 4608K, 0% used [0x00000000dcc00000,0x00000000dcc00000,0x00000000dd080000)
 ParOldGen       total 76800K, used 24K [0x0000000091000000, 0x0000000095b00000, 0x00000000db000000)
  object space 76800K, 0% used [0x0000000091000000,0x0000000091006000,0x0000000095b00000)
 Metaspace       used 9596K, capacity 9922K, committed 9984K, reserved 1064960K
  class space    used 1151K, capacity 1263K, committed 1280K, reserved 1048576K
}
Event: 1.609 GC heap before
{Heap before GC invocations=3 (full 1):
 PSYoungGen      total 33280K, used 2550K [0x00000000db000000, 0x00000000dd500000, 0x0000000100000000)
  eden space 28672K, 0% used [0x00000000db000000,0x00000000db000000,0x00000000dcc00000)
  from space 4608K, 55% used [0x00000000dd080000,0x00000000dd2fda40,0x00000000dd500000)
  to   space 4608K, 0% used [0x00000000dcc00000,0x00000000dcc00000,0x00000000dd080000)
 ParOldGen       total 76800K, used 24K [0x0000000091000000, 0x0000000095b00000, 0x00000000db000000)
  object space 76800K, 0% used [0x0000000091000000,0x0000000091006000,0x0000000095b00000)
 Metaspace       used 9596K, capacity 9922K, committed 9984K, reserved 1064960K
  class space    used 1151K, capacity 1263K, committed 1280K, reserved 1048576K
Event: 1.627 GC heap after
Heap after GC invocations=3 (full 1):
 PSYoungGen      total 33280K, used 0K [0x00000000db000000, 0x00000000dd500000, 0x0000000100000000)
  eden space 28672K, 0% used [0x00000000db000000,0x00000000db000000,0x00000000dcc00000)
  from space 4608K, 0% used [0x00000000dd080000,0x00000000dd080000,0x00000000dd500000)
  to   space 4608K, 0% used [0x00000000dcc00000,0x00000000dcc00000,0x00000000dd080000)
 ParOldGen       total 49664K, used 2367K [0x0000000091000000, 0x0000000094080000, 0x00000000db000000)
  object space 49664K, 4% used [0x0000000091000000,0x000000009124ff78,0x0000000094080000)
 Metaspace       used 9596K, capacity 9922K, committed 9984K, reserved 1062912K
  class space    used 1151K, capacity 1263K, committed 1280K, reserved 1048576K
}
Event: 2.214 GC heap before
{Heap before GC invocations=4 (full 1):
 PSYoungGen      total 33280K, used 28672K [0x00000000db000000, 0x00000000dd500000, 0x0000000100000000)
  eden space 28672K, 100% used [0x00000000db000000,0x00000000dcc00000,0x00000000dcc00000)
  from space 4608K, 0% used [0x00000000dd080000,0x00000000dd080000,0x00000000dd500000)
  to   space 4608K, 0% used [0x00000000dcc00000,0x00000000dcc00000,0x00000000dd080000)
 ParOldGen       total 49664K, used 2367K [0x0000000091000000, 0x0000000094080000, 0x00000000db000000)
  object space 49664K, 4% used [0x0000000091000000,0x000000009124ff78,0x0000000094080000)
 Metaspace       used 12334K, capacity 13012K, committed 13312K, reserved 1064960K
  class space    used 1567K, capacity 1736K, committed 1792K, reserved 1048576K
Event: 2.217 GC heap after
Heap after GC invocations=4 (full 1):
 PSYoungGen      total 33280K, used 2358K [0x00000000db000000, 0x00000000dd500000, 0x0000000100000000)
  eden space 28672K, 0% used [0x00000000db000000,0x00000000db000000,0x00000000dcc00000)
  from space 4608K, 51% used [0x00000000dcc00000,0x00000000dce4dbc0,0x00000000dd080000)
  to   space 4608K, 0% used [0x00000000dd080000,0x00000000dd080000,0x00000000dd500000)
 ParOldGen       total 49664K, used 2375K [0x0000000091000000, 0x0000000094080000, 0x00000000db000000)
  object space 49664K, 4% used [0x0000000091000000,0x0000000091251f78,0x0000000094080000)
 Metaspace       used 12334K, capacity 13012K, committed 13312K, reserved 1064960K
  class space    used 1567K, capacity 1736K, committed 1792K, reserved 1048576K
}
Event: 2.348 GC heap before
{Heap before GC invocations=5 (full 1):
 PSYoungGen      total 33280K, used 11058K [0x00000000db000000, 0x00000000dd500000, 0x0000000100000000)
  eden space 28672K, 30% used [0x00000000db000000,0x00000000db87ed68,0x00000000dcc00000)
  from space 4608K, 51% used [0x00000000dcc00000,0x00000000dce4dbc0,0x00000000dd080000)
  to   space 4608K, 0% used [0x00000000dd080000,0x00000000dd080000,0x00000000dd500000)
 ParOldGen       total 49664K, used 2375K [0x0000000091000000, 0x0000000094080000, 0x00000000db000000)
  object space 49664K, 4% used [0x0000000091000000,0x0000000091251f78,0x0000000094080000)
 Metaspace       used 13102K, capacity 13826K, committed 13952K, reserved 1069056K
  class space    used 1632K, capacity 1811K, committed 1920K, reserved 1048576K
Event: 2.350 GC heap after
Heap after GC invocations=5 (full 1):
 PSYoungGen      total 33280K, used 2112K [0x00000000db000000, 0x00000000dd500000, 0x0000000100000000)
  eden space 28672K, 0% used [0x00000000db000000,0x00000000db000000,0x00000000dcc00000)
  from space 4608K, 45% used [0x00000000dd080000,0x00000000dd290250,0x00000000dd500000)
  to   space 4608K, 0% used [0x00000000dcc00000,0x00000000dcc00000,0x00000000dd080000)
 ParOldGen       total 49664K, used 2383K [0x0000000091000000, 0x0000000094080000, 0x00000000db000000)
  object space 49664K, 4% used [0x0000000091000000,0x0000000091253f78,0x0000000094080000)
 Metaspace       used 13102K, capacity 13826K, committed 13952K, reserved 1069056K
  class space    used 1632K, capacity 1811K, committed 1920K, reserved 1048576K
}
Event: 2.350 GC heap before
{Heap before GC invocations=6 (full 2):
 PSYoungGen      total 33280K, used 2112K [0x00000000db000000, 0x00000000dd500000, 0x0000000100000000)
  eden space 28672K, 0% used [0x00000000db000000,0x00000000db000000,0x00000000dcc00000)
  from space 4608K, 45% used [0x00000000dd080000,0x00000000dd290250,0x00000000dd500000)
  to   space 4608K, 0% used [0x00000000dcc00000,0x00000000dcc00000,0x00000000dd080000)
 ParOldGen       total 49664K, used 2383K [0x0000000091000000, 0x0000000094080000, 0x00000000db000000)
  object space 49664K, 4% used [0x0000000091000000,0x0000000091253f78,0x0000000094080000)
 Metaspace       used 13102K, capacity 13826K, committed 13952K, reserved 1069056K
  class space    used 1632K, capacity 1811K, committed 1920K, reserved 1048576K

