# JRE version: Java(TM) SE Runtime Environment (8.0_251-b08) (build 1.8.0_251-b08)
# Java VM: Java HotSpot(TM) 64-Bit Server VM (25.251-b08 mixed mode windows-amd64 compressed oops)
Heap:
 PSYoungGen      total 33280K, used 24230K [0x00000000db000000, 0x00000000df100000, 0x0000000100000000)
  eden space 28672K, 68% used [0x00000000db000000,0x00000000dc330660,0x00000000dcc00000)
  from space 4608K, 99% used [0x00000000dcc00000,0x00000000dd0792f0,0x00000000dd080000)
  to   space 4608K, 0% used [0x00000000dec80000,0x00000000dec80000,0x00000000df100000)
 ParOldGen       total 76800K, used 6820K [0x0000000091000000, 0x0000000095b00000, 0x00000000db000000)
  object space 76800K, 8% used [0x0000000091000000,0x00000000916a9128,0x0000000095b00000)
 Metaspace       used 19768K, capacity 20772K, committed 20864K, reserved 1067008K
  class space    used 2415K, capacity 2653K, committed 2688K, reserved 1048576K
GC Heap History (6 events):
Event: 1.312 GC heap before
{Heap before GC invocations=1 (full 0):
 PSYoungGen      total 33280K, used 28672K [0x00000000db000000, 0x00000000dd500000, 0x0000000100000000)
  eden space 28672K, 100% used [0x00000000db000000,0x00000000dcc00000,0x00000000dcc00000)
  from space 4608K, 0% used [0x00000000dd080000,0x00000000dd080000,0x00000000dd500000)
  to   space 4608K, 0% used [0x00000000dcc00000,0x00000000dcc00000,0x00000000dd080000)
 ParOldGen       total 76800K, used 0K [0x0000000091000000, 0x0000000095b00000, 0x00000000db000000)
  object space 76800K, 0% used [0x0000000091000000,0x0000000091000000,0x0000000095b00000)
 Metaspace       used 10091K, capacity 10756K, committed 11008K, reserved 1058816K
  class space    used 1335K, capacity 1504K, committed 1536K, reserved 1048576K
Event: 1.321 GC heap after
Heap after GC invocations=1 (full 0):
 PSYoungGen      total 33280K, used 4590K [0x00000000db000000, 0x00000000dd500000, 0x0000000100000000)
  eden space 28672K, 0% used [0x00000000db000000,0x00000000db000000,0x00000000dcc00000)
  from space 4608K, 99% used [0x00000000dcc00000,0x00000000dd07b850,0x00000000dd080000)
  to   space 4608K, 0% used [0x00000000dd080000,0x00000000dd080000,0x00000000dd500000)
 ParOldGen       total 76800K, used 169K [0x0000000091000000, 0x0000000095b00000, 0x00000000db000000)
  object space 76800K, 0% used [0x0000000091000000,0x000000009102a6f8,0x0000000095b00000)
 Metaspace       used 10091K, capacity 10756K, committed 11008K, reserved 1058816K
  class space    used 1335K, capacity 1504K, committed 1536K, reserved 1048576K
}
Event: 1.809 GC heap before
{Heap before GC invocations=2 (full 0):
 PSYoungGen      total 33280K, used 32620K [0x00000000db000000, 0x00000000dd500000, 0x0000000100000000)
  eden space 28672K, 97% used [0x00000000db000000,0x00000000dcb5fb08,0x00000000dcc00000)
  from space 4608K, 99% used [0x00000000dcc00000,0x00000000dd07b850,0x00000000dd080000)
  to   space 4608K, 0% used [0x00000000dd080000,0x00000000dd080000,0x00000000dd500000)
 ParOldGen       total 76800K, used 169K [0x0000000091000000, 0x0000000095b00000, 0x00000000db000000)
  object space 76800K, 0% used [0x0000000091000000,0x000000009102a6f8,0x0000000095b00000)
 Metaspace       used 14098K, capacity 14922K, committed 15104K, reserved 1062912K
  class space    used 1829K, capacity 1999K, committed 2048K, reserved 1048576K
Event: 1.817 GC heap after
Heap after GC invocations=2 (full 0):
 PSYoungGen      total 33280K, used 4582K [0x00000000db000000, 0x00000000df100000, 0x0000000100000000)
  eden space 28672K, 0% used [0x00000000db000000,0x00000000db000000,0x00000000dcc00000)
  from space 4608K, 99% used [0x00000000dd080000,0x00000000dd4f9830,0x00000000dd500000)
  to   space 4608K, 0% used [0x00000000dcc00000,0x00000000dcc00000,0x00000000dd080000)
 ParOldGen       total 76800K, used 3533K [0x0000000091000000, 0x0000000095b00000, 0x00000000db000000)
  object space 76800K, 4% used [0x0000000091000000,0x0000000091373608,0x0000000095b00000)
 Metaspace       used 14098K, capacity 14922K, committed 15104K, reserved 1062912K
  class space    used 1829K, capacity 1999K, committed 2048K, reserved 1048576K
}
Event: 2.348 GC heap before
{Heap before GC invocations=3 (full 0):
 PSYoungGen      total 33280K, used 33254K [0x00000000db000000, 0x00000000df100000, 0x0000000100000000)
  eden space 28672K, 100% used [0x00000000db000000,0x00000000dcc00000,0x00000000dcc00000)
  from space 4608K, 99% used [0x00000000dd080000,0x00000000dd4f9830,0x00000000dd500000)
  to   space 4608K, 0% used [0x00000000dcc00000,0x00000000dcc00000,0x00000000dd080000)
 ParOldGen       total 76800K, used 3533K [0x0000000091000000, 0x0000000095b00000, 0x00000000db000000)
  object space 76800K, 4% used [0x0000000091000000,0x0000000091373608,0x0000000095b00000)
 Metaspace       used 16615K, capacity 17530K, committed 17664K, reserved 1064960K
  class space    used 2076K, capacity 2296K, committed 2304K, reserved 1048576K
Event: 2.357 GC heap after
Heap after GC invocations=3 (full 0):
 PSYoungGen      total 33280K, used 4580K [0x00000000db000000, 0x00000000df100000, 0x0000000100000000)
  eden space 28672K, 0% used [0x00000000db000000,0x00000000db000000,0x00000000dcc00000)
  from space 4608K, 99% used [0x00000000dcc00000,0x00000000dd0792f0,0x00000000dd080000)
  to   space 4608K, 0% used [0x00000000dec80000,0x00000000dec80000,0x00000000df100000)
 ParOldGen       total 76800K, used 6820K [0x0000000091000000, 0x0000000095b00000, 0x00000000db000000)
  object space 76800K, 8% used [0x0000000091000000,0x00000000916a9128,0x0000000095b00000)
 Metaspace       used 16615K, capacity 17530K, committed 17664K, reserved 1064960K
  class space    used 2076K, capacity 2296K, committed 2304K, reserved 1048576K
}

